  [1m[35m (1.8ms)[0m  [1m[35mCREATE TABLE "schema_migrations" ("version" varchar NOT NULL PRIMARY KEY)[0m
  [1m[35m (0.2ms)[0m  [1m[35mCREATE TABLE "ar_internal_metadata" ("key" varchar NOT NULL PRIMARY KEY, "value" varchar, "created_at" datetime(6) NOT NULL, "updated_at" datetime(6) NOT NULL)[0m
  [1m[36mActiveRecord::InternalMetadata Load (0.2ms)[0m  [1m[34mSELECT * FROM "ar_internal_metadata" WHERE "ar_internal_metadata"."key" = ? ORDER BY "ar_internal_metadata"."key" ASC LIMIT 1[0m  [[nil, "environment"]]
  [1m[36mActiveRecord::InternalMetadata Create (0.3ms)[0m  [1m[32mINSERT INTO "ar_internal_metadata" ("key", "value", "created_at", "updated_at") VALUES ('environment', 'development', '2025-09-09 04:30:39.572903', '2025-09-09 04:30:39.572907') RETURNING "key"[0m
  [1m[36mActiveRecord::SchemaMigration Load (0.1ms)[0m  [1m[34mSELECT "schema_migrations"."version" FROM "schema_migrations" ORDER BY "schema_migrations"."version" ASC[0m
Migrating to CreateLivros (20250909042711)
  [1m[36mTRANSACTION (0.1ms)[0m  [1m[36mbegin transaction[0m
  [1m[35m (3.1ms)[0m  [1m[35mCREATE TABLE "livros" ("id" integer PRIMARY KEY AUTOINCREMENT NOT NULL, "titulo" varchar, "autor" varchar, "nota" integer, "descricao" text, "created_at" datetime(6) NOT NULL, "updated_at" datetime(6) NOT NULL)[0m
  [1m[36mActiveRecord::SchemaMigration Create (0.2ms)[0m  [1m[32mINSERT INTO "schema_migrations" ("version") VALUES ('20250909042711') RETURNING "version"[0m
  [1m[36mTRANSACTION (0.1ms)[0m  [1m[36mcommit transaction[0m
  [1m[36mActiveRecord::SchemaMigration Load (0.1ms)[0m  [1m[34mSELECT "schema_migrations"."version" FROM "schema_migrations" ORDER BY "schema_migrations"."version" ASC[0m
Started GET "/" for 127.0.0.1 at 2025-09-09 01:37:50 -0300
  [1m[36mActiveRecord::SchemaMigration Load (0.2ms)[0m  [1m[34mSELECT "schema_migrations"."version" FROM "schema_migrations" ORDER BY "schema_migrations"."version" ASC[0m
Processing by Rails::WelcomeController#index as HTML
  Rendering /nix/store/6532mhivbbb3r4r59gfbzxgzpbya3068-ruby3.2-railties-7.2.2.1/lib/ruby/gems/3.2.0/gems/railties-7.2.2.1/lib/rails/templates/rails/welcome/index.html.erb
  Rendered /nix/store/6532mhivbbb3r4r59gfbzxgzpbya3068-ruby3.2-railties-7.2.2.1/lib/ruby/gems/3.2.0/gems/railties-7.2.2.1/lib/rails/templates/rails/welcome/index.html.erb (Duration: 4.3ms | GC: 2.9ms)
Completed 200 OK in 61ms (Views: 23.9ms | ActiveRecord: 0.0ms (0 queries, 0 cached) | GC: 28.2ms)


Started GET "/livros" for 127.0.0.1 at 2025-09-09 01:38:20 -0300
Processing by LivrosController#index as HTML
  Rendering layout layouts/application.html.erb
  Rendering livros/index.html.erb within layouts/application
  [1m[36mLivro Load (1.5ms)[0m  [1m[34mSELECT "livros".* FROM "livros"[0m
  ↳ app/views/livros/index.html.erb:4
  Rendered livros/index.html.erb within layouts/application (Duration: 8.0ms | GC: 0.0ms)
  Rendered layout layouts/application.html.erb (Duration: 8682.1ms | GC: 39.4ms)
Completed 200 OK in 8780ms (Views: 8682.6ms | ActiveRecord: 2.3ms (1 query, 0 cached) | GC: 60.7ms)


Started GET "/manifest.json" for 127.0.0.1 at 2025-09-09 01:38:32 -0300
Processing by Rails::PwaController#manifest as JSON
  Rendering pwa/manifest.json.erb
  Rendered pwa/manifest.json.erb (Duration: 0.5ms | GC: 0.0ms)
Completed 200 OK in 2ms (Views: 1.5ms | ActiveRecord: 0.0ms (0 queries, 0 cached) | GC: 0.0ms)


Started GET "/livros/new" for 127.0.0.1 at 2025-09-09 01:38:38 -0300
Processing by LivrosController#new as HTML
  Rendering layout layouts/application.html.erb
  Rendering livros/new.html.erb within layouts/application
  Rendered livros/_form.html.erb (Duration: 26.2ms | GC: 0.5ms)
  Rendered livros/new.html.erb within layouts/application (Duration: 27.6ms | GC: 0.5ms)
  Rendered layout layouts/application.html.erb (Duration: 31.1ms | GC: 0.5ms)
Completed 200 OK in 51ms (Views: 31.8ms | ActiveRecord: 0.8ms (0 queries, 0 cached) | GC: 1.4ms)


  [1m[36mActiveRecord::InternalMetadata Load (0.2ms)[0m  [1m[34mSELECT * FROM "ar_internal_metadata" WHERE "ar_internal_metadata"."key" = ? ORDER BY "ar_internal_metadata"."key" ASC LIMIT 1[0m  [[nil, "environment"]]
  [1m[36mActiveRecord::SchemaMigration Load (0.1ms)[0m  [1m[34mSELECT "schema_migrations"."version" FROM "schema_migrations" ORDER BY "schema_migrations"."version" ASC[0m
Migrating to AddUrlToLivros (20250909044033)
  [1m[36mTRANSACTION (0.1ms)[0m  [1m[36mbegin transaction[0m
  [1m[35m (3.3ms)[0m  [1m[35mALTER TABLE "livros" ADD "url" varchar[0m
  [1m[36mActiveRecord::SchemaMigration Create (0.2ms)[0m  [1m[32mINSERT INTO "schema_migrations" ("version") VALUES ('20250909044033') RETURNING "version"[0m
  [1m[36mTRANSACTION (2.0ms)[0m  [1m[36mcommit transaction[0m
  [1m[36mActiveRecord::SchemaMigration Load (0.1ms)[0m  [1m[34mSELECT "schema_migrations"."version" FROM "schema_migrations" ORDER BY "schema_migrations"."version" ASC[0m
  [1m[36mActiveRecord::SchemaMigration Load (0.2ms)[0m  [1m[34mSELECT "schema_migrations"."version" FROM "schema_migrations" ORDER BY "schema_migrations"."version" ASC[0m
  [1m[36mLivro Load (0.2ms)[0m  [1m[34mSELECT "livros".* FROM "livros" WHERE "livros"."titulo" = ? LIMIT ?[0m  [["titulo", "Naruto"], ["LIMIT", 1]]
  [1m[36mTRANSACTION (0.1ms)[0m  [1m[36mbegin transaction[0m
  [1m[36mLivro Create (0.2ms)[0m  [1m[32mINSERT INTO "livros" ("titulo", "autor", "nota", "descricao", "created_at", "updated_at", "url") VALUES (?, ?, ?, ?, ?, ?, ?) RETURNING "id"[0m  [["titulo", "Naruto"], ["autor", "Masashi Kishimoto"], ["nota", 5], ["descricao", "Um jovem ninja que sonha em se tornar o Hokage."], ["created_at", "2025-09-09 04:44:57.257328"], ["updated_at", "2025-09-09 04:44:57.257328"], ["url", "https://upload.wikimedia.org/wikipedia/en/9/94/NarutoCoverTankobon1.jpg"]]
  [1m[36mTRANSACTION (2.3ms)[0m  [1m[36mcommit transaction[0m
  [1m[36mLivro Load (0.1ms)[0m  [1m[34mSELECT "livros".* FROM "livros" WHERE "livros"."titulo" = ? LIMIT ?[0m  [["titulo", "Solo Leveling"], ["LIMIT", 1]]
  [1m[36mTRANSACTION (0.1ms)[0m  [1m[36mbegin transaction[0m
  [1m[36mLivro Create (2.2ms)[0m  [1m[32mINSERT INTO "livros" ("titulo", "autor", "nota", "descricao", "created_at", "updated_at", "url") VALUES (?, ?, ?, ?, ?, ?, ?) RETURNING "id"[0m  [["titulo", "Solo Leveling"], ["autor", "Chugong (original), Dubu (arte)"], ["nota", 5], ["descricao", "Um caçador fraco ganha uma habilidade única para subir de nível."], ["created_at", "2025-09-09 04:44:57.266757"], ["updated_at", "2025-09-09 04:44:57.266757"], ["url", "https://upload.wikimedia.org/wikipedia/en/thumb/a/a7/Solo_Leveling_webtoon_cover.jpg/220px-Solo_Leveling_webtoon_cover.jpg"]]
  [1m[36mTRANSACTION (0.1ms)[0m  [1m[36mcommit transaction[0m
  [1m[36mLivro Load (0.1ms)[0m  [1m[34mSELECT "livros".* FROM "livros" WHERE "livros"."titulo" = ? LIMIT ?[0m  [["titulo", "Tales of Demons and Gods"], ["LIMIT", 1]]
  [1m[36mTRANSACTION (0.0ms)[0m  [1m[36mbegin transaction[0m
  [1m[36mLivro Create (2.2ms)[0m  [1m[32mINSERT INTO "livros" ("titulo", "autor", "nota", "descricao", "created_at", "updated_at", "url") VALUES (?, ?, ?, ?, ?, ?, ?) RETURNING "id"[0m  [["titulo", "Tales of Demons and Gods"], ["autor", "Mad Snail"], ["nota", 4], ["descricao", "Um poderoso especialista renasce no corpo de seu eu mais jovem."], ["created_at", "2025-09-09 04:44:57.275078"], ["updated_at", "2025-09-09 04:44:57.275078"], ["url", "https://upload.wikimedia.org/wikipedia/en/thumb/a/a7/Tales_of_Demons_and_Gods_cover.jpg/220px-Tales_of_Demons_and_Gods_cover.jpg"]]
  [1m[36mTRANSACTION (0.1ms)[0m  [1m[36mcommit transaction[0m
Started GET "/" for 127.0.0.1 at 2025-09-09 01:45:51 -0300
  [1m[36mActiveRecord::SchemaMigration Load (0.2ms)[0m  [1m[34mSELECT "schema_migrations"."version" FROM "schema_migrations" ORDER BY "schema_migrations"."version" ASC[0m
Processing by Rails::WelcomeController#index as HTML
  Rendering /nix/store/6532mhivbbb3r4r59gfbzxgzpbya3068-ruby3.2-railties-7.2.2.1/lib/ruby/gems/3.2.0/gems/railties-7.2.2.1/lib/rails/templates/rails/welcome/index.html.erb
  Rendered /nix/store/6532mhivbbb3r4r59gfbzxgzpbya3068-ruby3.2-railties-7.2.2.1/lib/ruby/gems/3.2.0/gems/railties-7.2.2.1/lib/rails/templates/rails/welcome/index.html.erb (Duration: 1.0ms | GC: 0.0ms)
Completed 200 OK in 11ms (Views: 4.0ms | ActiveRecord: 0.0ms (0 queries, 0 cached) | GC: 0.2ms)


Started GET "/livros" for 127.0.0.1 at 2025-09-09 01:45:55 -0300
Processing by LivrosController#index as HTML
  Rendering layout layouts/application.html.erb
  Rendering livros/index.html.erb within layouts/application
  [1m[36mLivro Load (2.1ms)[0m  [1m[34mSELECT "livros".* FROM "livros"[0m
  ↳ app/views/livros/index.html.erb:4
  Rendered livros/_livro.html.erb (Duration: 2.4ms | GC: 0.0ms)
  Rendered livros/_livro.html.erb (Duration: 0.1ms | GC: 0.0ms)
  Rendered livros/_livro.html.erb (Duration: 0.1ms | GC: 0.0ms)
  Rendered livros/index.html.erb within layouts/application (Duration: 26.1ms | GC: 1.6ms)
  Rendered layout layouts/application.html.erb (Duration: 211.8ms | GC: 78.2ms)
Completed 200 OK in 243ms (Views: 209.3ms | ActiveRecord: 4.0ms (1 query, 0 cached) | GC: 79.3ms)


Started GET "/manifest.json" for 127.0.0.1 at 2025-09-09 01:45:56 -0300
Processing by Rails::PwaController#manifest as JSON
  Rendering pwa/manifest.json.erb
  Rendered pwa/manifest.json.erb (Duration: 1.3ms | GC: 0.0ms)
Completed 200 OK in 8ms (Views: 3.8ms | ActiveRecord: 0.0ms (0 queries, 0 cached) | GC: 0.0ms)


  [1m[36mActiveRecord::SchemaMigration Load (0.2ms)[0m  [1m[34mSELECT "schema_migrations"."version" FROM "schema_migrations" ORDER BY "schema_migrations"."version" ASC[0m
  [1m[36mLivro Load (0.2ms)[0m  [1m[34mSELECT "livros".* FROM "livros" WHERE "livros"."titulo" = ? LIMIT ?[0m  [["titulo", "Naruto"], ["LIMIT", 1]]
  [1m[36mLivro Load (0.1ms)[0m  [1m[34mSELECT "livros".* FROM "livros" WHERE "livros"."titulo" = ? LIMIT ?[0m  [["titulo", "Solo Leveling"], ["LIMIT", 1]]
  [1m[36mLivro Load (0.1ms)[0m  [1m[34mSELECT "livros".* FROM "livros" WHERE "livros"."titulo" = ? LIMIT ?[0m  [["titulo", "Tales of Demons and Gods"], ["LIMIT", 1]]
  [1m[36mLivro Load (0.1ms)[0m  [1m[34mSELECT "livros".* FROM "livros" WHERE "livros"."titulo" = ? LIMIT ?[0m  [["titulo", "One Piece"], ["LIMIT", 1]]
  [1m[36mTRANSACTION (0.1ms)[0m  [1m[36mbegin transaction[0m
  [1m[36mLivro Create (2.1ms)[0m  [1m[32mINSERT INTO "livros" ("titulo", "autor", "nota", "descricao", "created_at", "updated_at", "url") VALUES (?, ?, ?, ?, ?, ?, ?) RETURNING "id"[0m  [["titulo", "One Piece"], ["autor", "Eiichiro Oda"], ["nota", 5], ["descricao", "A grand adventure to find the One Piece."], ["created_at", "2025-09-09 04:49:42.530149"], ["updated_at", "2025-09-09 04:49:42.530149"], ["url", "https://upload.wikimedia.org/wikipedia/en/9/90/One_Piece%2C_Volume_1.jpg"]]
  [1m[36mTRANSACTION (2.6ms)[0m  [1m[36mcommit transaction[0m
  [1m[36mLivro Load (0.1ms)[0m  [1m[34mSELECT "livros".* FROM "livros" WHERE "livros"."titulo" = ? LIMIT ?[0m  [["titulo", "Attack on Titan"], ["LIMIT", 1]]
  [1m[36mTRANSACTION (0.0ms)[0m  [1m[36mbegin transaction[0m
  [1m[36mLivro Create (1.9ms)[0m  [1m[32mINSERT INTO "livros" ("titulo", "autor", "nota", "descricao", "created_at", "updated_at", "url") VALUES (?, ?, ?, ?, ?, ?, ?) RETURNING "id"[0m  [["titulo", "Attack on Titan"], ["autor", "Hajime Isayama"], ["nota", 5], ["descricao", "Humanity fights for survival against giant humanoid Titans."], ["created_at", "2025-09-09 04:49:42.541514"], ["updated_at", "2025-09-09 04:49:42.541514"], ["url", "https://upload.wikimedia.org/wikipedia/en/d/d6/Attack_on_Titan_Volume_1_Cover_Art.png"]]
  [1m[36mTRANSACTION (0.2ms)[0m  [1m[36mcommit transaction[0m
  [1m[36mLivro Load (0.2ms)[0m  [1m[34mSELECT "livros".* FROM "livros" WHERE "livros"."titulo" = ? LIMIT ?[0m  [["titulo", "My Hero Academia"], ["LIMIT", 1]]
  [1m[36mTRANSACTION (0.1ms)[0m  [1m[36mbegin transaction[0m
  [1m[36mLivro Create (2.3ms)[0m  [1m[32mINSERT INTO "livros" ("titulo", "autor", "nota", "descricao", "created_at", "updated_at", "url") VALUES (?, ?, ?, ?, ?, ?, ?) RETURNING "id"[0m  [["titulo", "My Hero Academia"], ["autor", "Kohei Horikoshi"], ["nota", 4], ["descricao", "A boy born without superpowers in a world of heroes."], ["created_at", "2025-09-09 04:49:42.550424"], ["updated_at", "2025-09-09 04:49:42.550424"], ["url", "https://upload.wikimedia.org/wikipedia/en/thumb/5/5b/My_Hero_Academia_Volume_1.png/220px-My_Hero_Academia_Volume_1.png"]]
  [1m[36mTRANSACTION (0.1ms)[0m  [1m[36mcommit transaction[0m
  [1m[36mLivro Load (0.1ms)[0m  [1m[34mSELECT "livros".* FROM "livros" WHERE "livros"."titulo" = ? LIMIT ?[0m  [["titulo", "Demon Slayer"], ["LIMIT", 1]]
  [1m[36mTRANSACTION (0.1ms)[0m  [1m[36mbegin transaction[0m
  [1m[36mLivro Create (2.4ms)[0m  [1m[32mINSERT INTO "livros" ("titulo", "autor", "nota", "descricao", "created_at", "updated_at", "url") VALUES (?, ?, ?, ?, ?, ?, ?) RETURNING "id"[0m  [["titulo", "Demon Slayer"], ["autor", "Koyoharu Gotouge"], ["nota", 5], ["descricao", "A boy's quest to avenge his family and cure his sister."], ["created_at", "2025-09-09 04:49:42.558442"], ["updated_at", "2025-09-09 04:49:42.558442"], ["url", "https://upload.wikimedia.org/wikipedia/en/thumb/0/09/Demon_Slayer_-_Kimetsu_no_Yaiba_-_Vol._1.png/220px-Demon_Slayer_-_Kimetsu_no_Yaiba_-_Vol._1.png"]]
  [1m[36mTRANSACTION (0.1ms)[0m  [1m[36mcommit transaction[0m
  [1m[36mLivro Load (0.1ms)[0m  [1m[34mSELECT "livros".* FROM "livros" WHERE "livros"."titulo" = ? LIMIT ?[0m  [["titulo", "Jujutsu Kaisen"], ["LIMIT", 1]]
  [1m[36mTRANSACTION (0.1ms)[0m  [1m[36mbegin transaction[0m
  [1m[36mLivro Create (1.8ms)[0m  [1m[32mINSERT INTO "livros" ("titulo", "autor", "nota", "descricao", "created_at", "updated_at", "url") VALUES (?, ?, ?, ?, ?, ?, ?) RETURNING "id"[0m  [["titulo", "Jujutsu Kaisen"], ["autor", "Gege Akutami"], ["nota", 4], ["descricao", "High school student Yuji Itadori joins a secret organization of Jujutsu Sorcerers."], ["created_at", "2025-09-09 04:49:42.567019"], ["updated_at", "2025-09-09 04:49:42.567019"], ["url", "https://upload.wikimedia.org/wikipedia/en/thumb/a/a7/Jujutsu_Kaisen_Volume_1.jpg/220px-Jujutsu_Kaisen_Volume_1.jpg"]]
  [1m[36mTRANSACTION (0.1ms)[0m  [1m[36mcommit transaction[0m
  [1m[36mLivro Load (0.1ms)[0m  [1m[34mSELECT "livros".* FROM "livros" WHERE "livros"."titulo" = ? LIMIT ?[0m  [["titulo", "Tower of God"], ["LIMIT", 1]]
  [1m[36mTRANSACTION (0.1ms)[0m  [1m[36mbegin transaction[0m
  [1m[36mLivro Create (2.4ms)[0m  [1m[32mINSERT INTO "livros" ("titulo", "autor", "nota", "descricao", "created_at", "updated_at", "url") VALUES (?, ?, ?, ?, ?, ?, ?) RETURNING "id"[0m  [["titulo", "Tower of God"], ["autor", "SIU"], ["nota", 5], ["descricao", "A boy's journey through a mysterious tower to find his friend."], ["created_at", "2025-09-09 04:49:42.575166"], ["updated_at", "2025-09-09 04:49:42.575166"], ["url", "https://upload.wikimedia.org/wikipedia/en/thumb/a/a7/Tower_of_God_webtoon_cover.jpg/220px-Tower_of_God_webtoon_cover.jpg"]]
  [1m[36mTRANSACTION (0.1ms)[0m  [1m[36mcommit transaction[0m
  [1m[36mLivro Load (0.1ms)[0m  [1m[34mSELECT "livros".* FROM "livros" WHERE "livros"."titulo" = ? LIMIT ?[0m  [["titulo", "God of High School"], ["LIMIT", 1]]
  [1m[36mTRANSACTION (0.1ms)[0m  [1m[36mbegin transaction[0m
  [1m[36mLivro Create (41.6ms)[0m  [1m[32mINSERT INTO "livros" ("titulo", "autor", "nota", "descricao", "created_at", "updated_at", "url") VALUES (?, ?, ?, ?, ?, ?, ?) RETURNING "id"[0m  [["titulo", "God of High School"], ["autor", "Yongje Park"], ["nota", 4], ["descricao", "A martial arts tournament to determine the strongest high school fighter."], ["created_at", "2025-09-09 04:49:42.583736"], ["updated_at", "2025-09-09 04:49:42.583736"], ["url", "https://upload.wikimedia.org/wikipedia/en/thumb/a/a7/The_God_of_High_School_webtoon_cover.jpg/220px-The_God_of_High_School_webtoon_cover.jpg"]]
  [1m[36mTRANSACTION (0.1ms)[0m  [1m[36mcommit transaction[0m
  [1m[36mLivro Load (0.1ms)[0m  [1m[34mSELECT "livros".* FROM "livros" WHERE "livros"."titulo" = ? LIMIT ?[0m  [["titulo", "Lookism"], ["LIMIT", 1]]
  [1m[36mTRANSACTION (0.0ms)[0m  [1m[36mbegin transaction[0m
  [1m[36mLivro Create (2.6ms)[0m  [1m[32mINSERT INTO "livros" ("titulo", "autor", "nota", "descricao", "created_at", "updated_at", "url") VALUES (?, ?, ?, ?, ?, ?, ?) RETURNING "id"[0m  [["titulo", "Lookism"], ["autor", "Park Tae-jun"], ["nota", 4], ["descricao", "A bullied high school student wakes up with a new, attractive body."], ["created_at", "2025-09-09 04:49:42.630286"], ["updated_at", "2025-09-09 04:49:42.630286"], ["url", "https://upload.wikimedia.org/wikipedia/en/thumb/a/a7/Lookism_webtoon_cover.jpg/220px-Lookism_webtoon_cover.jpg"]]
  [1m[36mTRANSACTION (0.1ms)[0m  [1m[36mcommit transaction[0m
  [1m[36mLivro Load (0.1ms)[0m  [1m[34mSELECT "livros".* FROM "livros" WHERE "livros"."titulo" = ? LIMIT ?[0m  [["titulo", "The Beginning After The End"], ["LIMIT", 1]]
  [1m[36mTRANSACTION (0.0ms)[0m  [1m[36mbegin transaction[0m
  [1m[36mLivro Create (2.2ms)[0m  [1m[32mINSERT INTO "livros" ("titulo", "autor", "nota", "descricao", "created_at", "updated_at", "url") VALUES (?, ?, ?, ?, ?, ?, ?) RETURNING "id"[0m  [["titulo", "The Beginning After The End"], ["autor", "TurtleMe (original), Fuyuki23 (arte)"], ["nota", 5], ["descricao", "A king is reincarnated into a new world of magic and monsters."], ["created_at", "2025-09-09 04:49:42.637833"], ["updated_at", "2025-09-09 04:49:42.637833"], ["url", "https://upload.wikimedia.org/wikipedia/en/thumb/a/a7/The_Beginning_After_the_End_webtoon_cover.jpg/220px-The_Beginning_After_the_End_webtoon_cover.jpg"]]
  [1m[36mTRANSACTION (0.1ms)[0m  [1m[36mcommit transaction[0m
  [1m[36mLivro Load (0.1ms)[0m  [1m[34mSELECT "livros".* FROM "livros" WHERE "livros"."titulo" = ? LIMIT ?[0m  [["titulo", "Omniscient Reader's Viewpoint"], ["LIMIT", 1]]
  [1m[36mTRANSACTION (0.0ms)[0m  [1m[36mbegin transaction[0m
  [1m[36mLivro Create (1.7ms)[0m  [1m[32mINSERT INTO "livros" ("titulo", "autor", "nota", "descricao", "created_at", "updated_at", "url") VALUES (?, ?, ?, ?, ?, ?, ?) RETURNING "id"[0m  [["titulo", "Omniscient Reader's Viewpoint"], ["autor", "Sing Shong (original), Sleepy-C (arte)"], ["nota", 5], ["descricao", "A man who knows the ending of a webnovel finds himself in its world."], ["created_at", "2025-09-09 04:49:42.644933"], ["updated_at", "2025-09-09 04:49:42.644933"], ["url", "https://upload.wikimedia.org/wikipedia/en/thumb/a/a7/Omniscient_Reader%27s_Viewpoint_webtoon_cover.jpg/220px-Omniscient_Reader%27s_Viewpoint_webtoon_cover.jpg"]]
  [1m[36mTRANSACTION (0.1ms)[0m  [1m[36mcommit transaction[0m
  [1m[36mLivro Load (0.1ms)[0m  [1m[34mSELECT "livros".* FROM "livros" WHERE "livros"."titulo" = ? LIMIT ?[0m  [["titulo", "Martial Peak"], ["LIMIT", 1]]
  [1m[36mTRANSACTION (0.1ms)[0m  [1m[36mbegin transaction[0m
  [1m[36mLivro Create (1.7ms)[0m  [1m[32mINSERT INTO "livros" ("titulo", "autor", "nota", "descricao", "created_at", "updated_at", "url") VALUES (?, ?, ?, ?, ?, ?, ?) RETURNING "id"[0m  [["titulo", "Martial Peak"], ["autor", "Momo (original), Kuaikan Manhua (arte)"], ["nota", 4], ["descricao", "A young man's journey to become the strongest martial artist."], ["created_at", "2025-09-09 04:49:42.651772"], ["updated_at", "2025-09-09 04:49:42.651772"], ["url", "https://upload.wikimedia.org/wikipedia/en/thumb/a/a7/Martial_Peak_manhua_cover.jpg/220px-Martial_Peak_manhua_cover.jpg"]]
  [1m[36mTRANSACTION (0.1ms)[0m  [1m[36mcommit transaction[0m
  [1m[36mLivro Load (0.1ms)[0m  [1m[34mSELECT "livros".* FROM "livros" WHERE "livros"."titulo" = ? LIMIT ?[0m  [["titulo", "Apotheosis"], ["LIMIT", 1]]
  [1m[36mTRANSACTION (0.0ms)[0m  [1m[36mbegin transaction[0m
  [1m[36mLivro Create (1.8ms)[0m  [1m[32mINSERT INTO "livros" ("titulo", "autor", "nota", "descricao", "created_at", "updated_at", "url") VALUES (?, ?, ?, ?, ?, ?, ?) RETURNING "id"[0m  [["titulo", "Apotheosis"], ["autor", "Fengling Tianxia (original), Kuaikan Manhua (arte)"], ["nota", 4], ["descricao", "A young master's path to cultivation after his family's decline."], ["created_at", "2025-09-09 04:49:42.658651"], ["updated_at", "2025-09-09 04:49:42.658651"], ["url", "https://upload.wikimedia.org/wikipedia/en/thumb/a/a7/Apotheosis_manhua_cover.jpg/220px-Apotheosis_manhua_cover.jpg"]]
  [1m[36mTRANSACTION (0.1ms)[0m  [1m[36mcommit transaction[0m
  [1m[36mLivro Load (0.1ms)[0m  [1m[34mSELECT "livros".* FROM "livros" WHERE "livros"."titulo" = ? LIMIT ?[0m  [["titulo", "Soul Land"], ["LIMIT", 1]]
  [1m[36mTRANSACTION (0.0ms)[0m  [1m[36mbegin transaction[0m
  [1m[36mLivro Create (1.7ms)[0m  [1m[32mINSERT INTO "livros" ("titulo", "autor", "nota", "descricao", "created_at", "updated_at", "url") VALUES (?, ?, ?, ?, ?, ?, ?) RETURNING "id"[0m  [["titulo", "Soul Land"], ["autor", "Tang Jia San Shao (original), Mu Feng (arte)"], ["nota", 5], ["descricao", "A martial arts prodigy reincarnated into a world of 'Soul Masters'."], ["created_at", "2025-09-09 04:49:42.665385"], ["updated_at", "2025-09-09 04:49:42.665385"], ["url", "https://upload.wikimedia.org/wikipedia/en/thumb/a/a7/Soul_Land_manhua_cover.jpg/220px-Soul_Land_manhua_cover.jpg"]]
  [1m[36mTRANSACTION (0.1ms)[0m  [1m[36mcommit transaction[0m
  [1m[36mLivro Load (0.1ms)[0m  [1m[34mSELECT "livros".* FROM "livros" WHERE "livros"."titulo" = ? LIMIT ?[0m  [["titulo", "The Great Ruler"], ["LIMIT", 1]]
  [1m[36mTRANSACTION (0.1ms)[0m  [1m[36mbegin transaction[0m
  [1m[36mLivro Create (1.9ms)[0m  [1m[32mINSERT INTO "livros" ("titulo", "autor", "nota", "descricao", "created_at", "updated_at", "url") VALUES (?, ?, ?, ?, ?, ?, ?) RETURNING "id"[0m  [["titulo", "The Great Ruler"], ["autor", "Heavenly Silkworm Potato (original), Kuaikan Manhua (arte)"], ["nota", 4], ["descricao", "A young man's journey to become a powerful cultivator in a vast world."], ["created_at", "2025-09-09 04:49:42.673027"], ["updated_at", "2025-09-09 04:49:42.673027"], ["url", "https://upload.wikimedia.org/wikipedia/en/thumb/a/a7/The_Great_Ruler_manhua_cover.jpg/220px-The_Great_Ruler_manhua_cover.jpg"]]
  [1m[36mTRANSACTION (0.1ms)[0m  [1m[36mcommit transaction[0m
  [1m[36mLivro Load (0.1ms)[0m  [1m[34mSELECT "livros".* FROM "livros" WHERE "livros"."titulo" = ? LIMIT ?[0m  [["titulo", "Battle Through the Heavens"], ["LIMIT", 1]]
  [1m[36mTRANSACTION (0.1ms)[0m  [1m[36mbegin transaction[0m
  [1m[36mLivro Create (2.0ms)[0m  [1m[32mINSERT INTO "livros" ("titulo", "autor", "nota", "descricao", "created_at", "updated_at", "url") VALUES (?, ?, ?, ?, ?, ?, ?) RETURNING "id"[0m  [["titulo", "Battle Through the Heavens"], ["autor", "Heavenly Silkworm Potato (original), Kuaikan Manhua (arte)"], ["nota", 5], ["descricao", "A genius's fall from grace and his journey to regain his power."], ["created_at", "2025-09-09 04:49:42.680817"], ["updated_at", "2025-09-09 04:49:42.680817"], ["url", "https://upload.wikimedia.org/wikipedia/en/thumb/a/a7/Battle_Through_the_Heavens_manhua_cover.jpg/220px-Battle_Through_the_Heavens_manhua_cover.jpg"]]
  [1m[36mTRANSACTION (0.1ms)[0m  [1m[36mcommit transaction[0m
Started GET "/livros" for 127.0.0.1 at 2025-09-09 01:49:51 -0300
  [1m[36mActiveRecord::SchemaMigration Load (0.7ms)[0m  [1m[34mSELECT "schema_migrations"."version" FROM "schema_migrations" ORDER BY "schema_migrations"."version" ASC[0m
Processing by LivrosController#index as HTML
  Rendering layout layouts/application.html.erb
  Rendering livros/index.html.erb within layouts/application
  [1m[36mLivro Load (2.5ms)[0m  [1m[34mSELECT "livros".* FROM "livros"[0m
  ↳ app/views/livros/index.html.erb:4
  Rendered livros/_livro.html.erb (Duration: 0.6ms | GC: 0.0ms)
  Rendered livros/_livro.html.erb (Duration: 0.1ms | GC: 0.0ms)
  Rendered livros/_livro.html.erb (Duration: 0.1ms | GC: 0.0ms)
  Rendered livros/_livro.html.erb (Duration: 0.1ms | GC: 0.0ms)
  Rendered livros/_livro.html.erb (Duration: 0.1ms | GC: 0.0ms)
  Rendered livros/_livro.html.erb (Duration: 0.1ms | GC: 0.0ms)
  Rendered livros/_livro.html.erb (Duration: 0.1ms | GC: 0.0ms)
  Rendered livros/_livro.html.erb (Duration: 0.1ms | GC: 0.0ms)
  Rendered livros/_livro.html.erb (Duration: 0.1ms | GC: 0.0ms)
  Rendered livros/_livro.html.erb (Duration: 0.2ms | GC: 0.0ms)
  Rendered livros/_livro.html.erb (Duration: 0.1ms | GC: 0.0ms)
  Rendered livros/_livro.html.erb (Duration: 0.3ms | GC: 0.0ms)
  Rendered livros/_livro.html.erb (Duration: 0.3ms | GC: 0.0ms)
  Rendered livros/_livro.html.erb (Duration: 0.2ms | GC: 0.0ms)
  Rendered livros/_livro.html.erb (Duration: 0.1ms | GC: 0.0ms)
  Rendered livros/_livro.html.erb (Duration: 0.2ms | GC: 0.0ms)
  Rendered livros/_livro.html.erb (Duration: 0.1ms | GC: 0.0ms)
  Rendered livros/_livro.html.erb (Duration: 0.1ms | GC: 0.0ms)
  Rendered livros/index.html.erb within layouts/application (Duration: 70.7ms | GC: 41.2ms)
  Rendered layout layouts/application.html.erb (Duration: 172.3ms | GC: 46.3ms)
Completed 200 OK in 216ms (Views: 176.3ms | ActiveRecord: 4.0ms (1 query, 0 cached) | GC: 59.1ms)


Started GET "/manifest.json" for 127.0.0.1 at 2025-09-09 01:49:52 -0300
Processing by Rails::PwaController#manifest as JSON
  Rendering pwa/manifest.json.erb
  Rendered pwa/manifest.json.erb (Duration: 1.5ms | GC: 0.0ms)
Completed 200 OK in 12ms (Views: 7.1ms | ActiveRecord: 0.0ms (0 queries, 0 cached) | GC: 0.0ms)


Started GET "/livros/new" for 127.0.0.1 at 2025-09-09 01:50:07 -0300
Processing by LivrosController#new as HTML
  Rendering layout layouts/application.html.erb
  Rendering livros/new.html.erb within layouts/application
  Rendered livros/_form.html.erb (Duration: 21.0ms | GC: 0.0ms)
  Rendered livros/new.html.erb within layouts/application (Duration: 24.5ms | GC: 0.0ms)
  Rendered layout layouts/application.html.erb (Duration: 35.5ms | GC: 0.0ms)
Completed 200 OK in 42ms (Views: 36.8ms | ActiveRecord: 0.0ms (0 queries, 0 cached) | GC: 0.0ms)


Started GET "/livros" for 127.0.0.1 at 2025-09-09 01:50:11 -0300
Processing by LivrosController#index as HTML
  Rendering layout layouts/application.html.erb
  Rendering livros/index.html.erb within layouts/application
  [1m[36mLivro Load (0.6ms)[0m  [1m[34mSELECT "livros".* FROM "livros"[0m
  ↳ app/views/livros/index.html.erb:4
  Rendered livros/_livro.html.erb (Duration: 0.5ms | GC: 0.0ms)
  Rendered livros/_livro.html.erb (Duration: 0.5ms | GC: 0.0ms)
  Rendered livros/_livro.html.erb (Duration: 0.4ms | GC: 0.0ms)
  Rendered livros/_livro.html.erb (Duration: 0.3ms | GC: 0.0ms)
  Rendered livros/_livro.html.erb (Duration: 1.0ms | GC: 0.0ms)
  Rendered livros/_livro.html.erb (Duration: 0.4ms | GC: 0.0ms)
  Rendered livros/_livro.html.erb (Duration: 0.4ms | GC: 0.0ms)
  Rendered livros/_livro.html.erb (Duration: 0.3ms | GC: 0.0ms)
  Rendered livros/_livro.html.erb (Duration: 0.4ms | GC: 0.0ms)
  Rendered livros/_livro.html.erb (Duration: 0.6ms | GC: 0.0ms)
  Rendered livros/_livro.html.erb (Duration: 0.4ms | GC: 0.0ms)
  Rendered livros/_livro.html.erb (Duration: 0.4ms | GC: 0.0ms)
  Rendered livros/_livro.html.erb (Duration: 0.3ms | GC: 0.0ms)
  Rendered livros/_livro.html.erb (Duration: 0.4ms | GC: 0.0ms)
  Rendered livros/_livro.html.erb (Duration: 0.5ms | GC: 0.0ms)
  Rendered livros/_livro.html.erb (Duration: 0.7ms | GC: 0.0ms)
  Rendered livros/_livro.html.erb (Duration: 0.3ms | GC: 0.0ms)
  Rendered livros/_livro.html.erb (Duration: 0.4ms | GC: 0.0ms)
  Rendered livros/index.html.erb within layouts/application (Duration: 35.5ms | GC: 0.0ms)
  Rendered layout layouts/application.html.erb (Duration: 43.8ms | GC: 0.0ms)
Completed 200 OK in 47ms (Views: 44.4ms | ActiveRecord: 0.6ms (1 query, 0 cached) | GC: 0.0ms)


Started GET "/livros/1" for 127.0.0.1 at 2025-09-09 01:50:14 -0300
Processing by LivrosController#show as HTML
  Parameters: {"id"=>"1"}
  [1m[36mLivro Load (0.7ms)[0m  [1m[34mSELECT "livros".* FROM "livros" WHERE "livros"."id" = ? LIMIT ?[0m  [["id", 1], ["LIMIT", 1]]
  ↳ app/controllers/livros_controller.rb:51:in `set_livro'
  Rendering layout layouts/application.html.erb
  Rendering livros/show.html.erb within layouts/application
  Rendered livros/_livro.html.erb (Duration: 0.4ms | GC: 0.0ms)
  Rendered livros/show.html.erb within layouts/application (Duration: 6.7ms | GC: 0.0ms)
  Rendered layout layouts/application.html.erb (Duration: 18.0ms | GC: 0.0ms)
Completed 200 OK in 37ms (Views: 19.5ms | ActiveRecord: 0.6ms (1 query, 0 cached) | GC: 0.0ms)


Started GET "/livros/1/edit" for 127.0.0.1 at 2025-09-09 01:50:21 -0300
Processing by LivrosController#edit as HTML
  Parameters: {"id"=>"1"}
  [1m[36mLivro Load (0.5ms)[0m  [1m[34mSELECT "livros".* FROM "livros" WHERE "livros"."id" = ? LIMIT ?[0m  [["id", 1], ["LIMIT", 1]]
  ↳ app/controllers/livros_controller.rb:51:in `set_livro'
  Rendering layout layouts/application.html.erb
  Rendering livros/edit.html.erb within layouts/application
  Rendered livros/_form.html.erb (Duration: 9.7ms | GC: 0.0ms)
  Rendered livros/edit.html.erb within layouts/application (Duration: 12.5ms | GC: 0.0ms)
  Rendered layout layouts/application.html.erb (Duration: 24.9ms | GC: 0.0ms)
Completed 200 OK in 36ms (Views: 26.3ms | ActiveRecord: 0.4ms (1 query, 0 cached) | GC: 0.0ms)


Started GET "/livros" for 127.0.0.1 at 2025-09-09 01:50:26 -0300
Processing by LivrosController#index as HTML
  Rendering layout layouts/application.html.erb
  Rendering livros/index.html.erb within layouts/application
  [1m[36mLivro Load (0.6ms)[0m  [1m[34mSELECT "livros".* FROM "livros"[0m
  ↳ app/views/livros/index.html.erb:4
  Rendered livros/_livro.html.erb (Duration: 0.4ms | GC: 0.0ms)
  Rendered livros/_livro.html.erb (Duration: 0.5ms | GC: 0.0ms)
  Rendered livros/_livro.html.erb (Duration: 0.4ms | GC: 0.0ms)
  Rendered livros/_livro.html.erb (Duration: 0.3ms | GC: 0.0ms)
  Rendered livros/_livro.html.erb (Duration: 0.3ms | GC: 0.0ms)
  Rendered livros/_livro.html.erb (Duration: 0.2ms | GC: 0.0ms)
  Rendered livros/_livro.html.erb (Duration: 0.2ms | GC: 0.0ms)
  Rendered livros/_livro.html.erb (Duration: 0.2ms | GC: 0.0ms)
  Rendered livros/_livro.html.erb (Duration: 0.2ms | GC: 0.0ms)
  Rendered livros/_livro.html.erb (Duration: 0.3ms | GC: 0.0ms)
  Rendered livros/_livro.html.erb (Duration: 0.2ms | GC: 0.0ms)
  Rendered livros/_livro.html.erb (Duration: 0.3ms | GC: 0.0ms)
  Rendered livros/_livro.html.erb (Duration: 0.4ms | GC: 0.0ms)
  Rendered livros/_livro.html.erb (Duration: 0.2ms | GC: 0.0ms)
  Rendered livros/_livro.html.erb (Duration: 0.2ms | GC: 0.0ms)
  Rendered livros/_livro.html.erb (Duration: 0.2ms | GC: 0.0ms)
  Rendered livros/_livro.html.erb (Duration: 0.2ms | GC: 0.0ms)
  Rendered livros/_livro.html.erb (Duration: 0.2ms | GC: 0.0ms)
  Rendered livros/index.html.erb within layouts/application (Duration: 45.9ms | GC: 21.3ms)
  Rendered layout layouts/application.html.erb (Duration: 50.9ms | GC: 21.9ms)
Completed 200 OK in 55ms (Views: 51.8ms | ActiveRecord: 0.5ms (1 query, 0 cached) | GC: 21.9ms)


Started GET "/livros" for 127.0.0.1 at 2025-09-09 01:50:27 -0300
Processing by LivrosController#index as HTML
  Rendering layout layouts/application.html.erb
  Rendering livros/index.html.erb within layouts/application
  [1m[36mLivro Load (0.6ms)[0m  [1m[34mSELECT "livros".* FROM "livros"[0m
  ↳ app/views/livros/index.html.erb:4
  Rendered livros/_livro.html.erb (Duration: 0.5ms | GC: 0.0ms)
  Rendered livros/_livro.html.erb (Duration: 0.5ms | GC: 0.0ms)
  Rendered livros/_livro.html.erb (Duration: 0.8ms | GC: 0.0ms)
  Rendered livros/_livro.html.erb (Duration: 0.4ms | GC: 0.0ms)
  Rendered livros/_livro.html.erb (Duration: 2.6ms | GC: 2.0ms)
  Rendered livros/_livro.html.erb (Duration: 0.4ms | GC: 0.0ms)
  Rendered livros/_livro.html.erb (Duration: 0.8ms | GC: 0.0ms)
  Rendered livros/_livro.html.erb (Duration: 0.5ms | GC: 0.0ms)
  Rendered livros/_livro.html.erb (Duration: 0.6ms | GC: 0.0ms)
  Rendered livros/_livro.html.erb (Duration: 0.7ms | GC: 0.0ms)
  Rendered livros/_livro.html.erb (Duration: 0.4ms | GC: 0.0ms)
  Rendered livros/_livro.html.erb (Duration: 0.6ms | GC: 0.0ms)
  Rendered livros/_livro.html.erb (Duration: 1.2ms | GC: 0.0ms)
  Rendered livros/_livro.html.erb (Duration: 0.5ms | GC: 0.0ms)
  Rendered livros/_livro.html.erb (Duration: 0.6ms | GC: 0.0ms)
  Rendered livros/_livro.html.erb (Duration: 2.3ms | GC: 0.0ms)
  Rendered livros/_livro.html.erb (Duration: 0.6ms | GC: 0.0ms)
  Rendered livros/_livro.html.erb (Duration: 0.7ms | GC: 0.0ms)
  Rendered livros/index.html.erb within layouts/application (Duration: 57.7ms | GC: 2.0ms)
  Rendered layout layouts/application.html.erb (Duration: 68.1ms | GC: 2.6ms)
Completed 200 OK in 73ms (Views: 69.4ms | ActiveRecord: 0.5ms (1 query, 0 cached) | GC: 2.6ms)


Started GET "/livros/1" for 127.0.0.1 at 2025-09-09 01:50:28 -0300
Processing by LivrosController#show as HTML
  Parameters: {"id"=>"1"}
  [1m[36mLivro Load (0.4ms)[0m  [1m[34mSELECT "livros".* FROM "livros" WHERE "livros"."id" = ? LIMIT ?[0m  [["id", 1], ["LIMIT", 1]]
  ↳ app/controllers/livros_controller.rb:51:in `set_livro'
  Rendering layout layouts/application.html.erb
  Rendering livros/show.html.erb within layouts/application
  Rendered livros/_livro.html.erb (Duration: 0.6ms | GC: 0.0ms)
  Rendered livros/show.html.erb within layouts/application (Duration: 6.1ms | GC: 0.0ms)
  Rendered layout layouts/application.html.erb (Duration: 13.7ms | GC: 0.5ms)
Completed 200 OK in 22ms (Views: 15.0ms | ActiveRecord: 0.3ms (1 query, 0 cached) | GC: 1.2ms)


Started GET "/livros" for 127.0.0.1 at 2025-09-09 01:50:29 -0300
Processing by LivrosController#index as HTML
  Rendering layout layouts/application.html.erb
  Rendering livros/index.html.erb within layouts/application
  [1m[36mLivro Load (0.4ms)[0m  [1m[34mSELECT "livros".* FROM "livros"[0m
  ↳ app/views/livros/index.html.erb:4
  Rendered livros/_livro.html.erb (Duration: 0.3ms | GC: 0.0ms)
  Rendered livros/_livro.html.erb (Duration: 0.5ms | GC: 0.0ms)
  Rendered livros/_livro.html.erb (Duration: 1.6ms | GC: 0.9ms)
  Rendered livros/_livro.html.erb (Duration: 0.5ms | GC: 0.0ms)
  Rendered livros/_livro.html.erb (Duration: 0.8ms | GC: 0.0ms)
  Rendered livros/_livro.html.erb (Duration: 0.3ms | GC: 0.0ms)
  Rendered livros/_livro.html.erb (Duration: 0.4ms | GC: 0.0ms)
  Rendered livros/_livro.html.erb (Duration: 0.3ms | GC: 0.0ms)
  Rendered livros/_livro.html.erb (Duration: 0.3ms | GC: 0.0ms)
  Rendered livros/_livro.html.erb (Duration: 0.2ms | GC: 0.0ms)
  Rendered livros/_livro.html.erb (Duration: 0.2ms | GC: 0.0ms)
  Rendered livros/_livro.html.erb (Duration: 0.4ms | GC: 0.0ms)
  Rendered livros/_livro.html.erb (Duration: 0.5ms | GC: 0.0ms)
  Rendered livros/_livro.html.erb (Duration: 0.4ms | GC: 0.0ms)
  Rendered livros/_livro.html.erb (Duration: 0.5ms | GC: 0.0ms)
  Rendered livros/_livro.html.erb (Duration: 0.5ms | GC: 0.0ms)
  Rendered livros/_livro.html.erb (Duration: 0.8ms | GC: 0.0ms)
  Rendered livros/_livro.html.erb (Duration: 0.4ms | GC: 0.0ms)
  Rendered livros/index.html.erb within layouts/application (Duration: 33.4ms | GC: 0.9ms)
  Rendered layout layouts/application.html.erb (Duration: 43.8ms | GC: 1.5ms)
Completed 200 OK in 48ms (Views: 45.1ms | ActiveRecord: 0.4ms (1 query, 0 cached) | GC: 1.5ms)


Started GET "/livros" for 127.0.0.1 at 2025-09-09 01:52:01 -0300
  [1m[36mActiveRecord::SchemaMigration Load (0.2ms)[0m  [1m[34mSELECT "schema_migrations"."version" FROM "schema_migrations" ORDER BY "schema_migrations"."version" ASC[0m
Processing by LivrosController#index as HTML
  Rendering layout layouts/application.html.erb
  Rendering livros/index.html.erb within layouts/application
  [1m[36mLivro Load (1.0ms)[0m  [1m[34mSELECT "livros".* FROM "livros"[0m
  ↳ app/views/livros/index.html.erb:4
  Rendered livros/_livro.html.erb (Duration: 0.6ms | GC: 0.0ms)
  Rendered livros/_livro.html.erb (Duration: 0.1ms | GC: 0.0ms)
  Rendered livros/_livro.html.erb (Duration: 0.1ms | GC: 0.0ms)
  Rendered livros/_livro.html.erb (Duration: 0.1ms | GC: 0.0ms)
  Rendered livros/_livro.html.erb (Duration: 0.1ms | GC: 0.0ms)
  Rendered livros/_livro.html.erb (Duration: 0.2ms | GC: 0.0ms)
  Rendered livros/_livro.html.erb (Duration: 0.1ms | GC: 0.0ms)
  Rendered livros/_livro.html.erb (Duration: 0.2ms | GC: 0.0ms)
  Rendered livros/_livro.html.erb (Duration: 0.2ms | GC: 0.0ms)
  Rendered livros/_livro.html.erb (Duration: 0.2ms | GC: 0.0ms)
  Rendered livros/_livro.html.erb (Duration: 0.2ms | GC: 0.0ms)
  Rendered livros/_livro.html.erb (Duration: 0.3ms | GC: 0.0ms)
  Rendered livros/_livro.html.erb (Duration: 0.2ms | GC: 0.0ms)
  Rendered livros/_livro.html.erb (Duration: 0.1ms | GC: 0.0ms)
  Rendered livros/_livro.html.erb (Duration: 0.1ms | GC: 0.0ms)
  Rendered livros/_livro.html.erb (Duration: 0.1ms | GC: 0.0ms)
  Rendered livros/_livro.html.erb (Duration: 0.1ms | GC: 0.0ms)
  Rendered livros/_livro.html.erb (Duration: 0.1ms | GC: 0.0ms)
  Rendered livros/index.html.erb within layouts/application (Duration: 27.8ms | GC: 1.5ms)
  Rendered layout layouts/application.html.erb (Duration: 202.8ms | GC: 60.7ms)
Completed 200 OK in 236ms (Views: 203.0ms | ActiveRecord: 2.7ms (1 query, 0 cached) | GC: 61.6ms)


Started GET "/manifest.json" for 127.0.0.1 at 2025-09-09 01:52:01 -0300
Processing by Rails::PwaController#manifest as JSON
  Rendering pwa/manifest.json.erb
  Rendered pwa/manifest.json.erb (Duration: 1.4ms | GC: 0.0ms)
Completed 200 OK in 6ms (Views: 4.2ms | ActiveRecord: 0.0ms (0 queries, 0 cached) | GC: 0.0ms)


Started GET "/livros/1" for 127.0.0.1 at 2025-09-09 01:52:07 -0300
Processing by LivrosController#show as HTML
  Parameters: {"id"=>"1"}
  [1m[36mLivro Load (0.6ms)[0m  [1m[34mSELECT "livros".* FROM "livros" WHERE "livros"."id" = ? LIMIT ?[0m  [["id", 1], ["LIMIT", 1]]
  ↳ app/controllers/livros_controller.rb:51:in `set_livro'
  Rendering layout layouts/application.html.erb
  Rendering livros/show.html.erb within layouts/application
  Rendered livros/_livro.html.erb (Duration: 0.2ms | GC: 0.0ms)
  Rendered livros/show.html.erb within layouts/application (Duration: 4.6ms | GC: 0.0ms)
  Rendered layout layouts/application.html.erb (Duration: 12.5ms | GC: 0.0ms)
Completed 200 OK in 31ms (Views: 13.6ms | ActiveRecord: 0.6ms (1 query, 0 cached) | GC: 0.0ms)


Started GET "/livros/1" for 127.0.0.1 at 2025-09-09 01:52:31 -0300
Processing by LivrosController#show as HTML
  Parameters: {"id"=>"1"}
  [1m[36mLivro Load (0.5ms)[0m  [1m[34mSELECT "livros".* FROM "livros" WHERE "livros"."id" = ? LIMIT ?[0m  [["id", 1], ["LIMIT", 1]]
  ↳ app/controllers/livros_controller.rb:51:in `set_livro'
  Rendering layout layouts/application.html.erb
  Rendering livros/show.html.erb within layouts/application
  Rendered livros/_livro.html.erb (Duration: 0.4ms | GC: 0.0ms)
  Rendered livros/show.html.erb within layouts/application (Duration: 4.3ms | GC: 0.0ms)
  Rendered layout layouts/application.html.erb (Duration: 13.9ms | GC: 0.0ms)
Completed 200 OK in 23ms (Views: 15.2ms | ActiveRecord: 0.4ms (1 query, 0 cached) | GC: 0.0ms)


Started GET "/livros" for 127.0.0.1 at 2025-09-09 01:54:58 -0300
Processing by LivrosController#index as HTML
  Rendering layout layouts/application.html.erb
  Rendering livros/index.html.erb within layouts/application
  [1m[36mLivro Load (1.0ms)[0m  [1m[34mSELECT "livros".* FROM "livros"[0m
  ↳ app/views/livros/index.html.erb:4
  Rendered livros/_livro.html.erb (Duration: 1.1ms | GC: 0.0ms)
  Rendered livros/_livro.html.erb (Duration: 0.2ms | GC: 0.0ms)
  Rendered livros/_livro.html.erb (Duration: 0.2ms | GC: 0.0ms)
  Rendered livros/_livro.html.erb (Duration: 0.2ms | GC: 0.0ms)
  Rendered livros/_livro.html.erb (Duration: 0.2ms | GC: 0.0ms)
  Rendered livros/_livro.html.erb (Duration: 0.2ms | GC: 0.0ms)
  Rendered livros/_livro.html.erb (Duration: 0.2ms | GC: 0.0ms)
  Rendered livros/_livro.html.erb (Duration: 0.2ms | GC: 0.0ms)
  Rendered livros/_livro.html.erb (Duration: 0.2ms | GC: 0.0ms)
  Rendered livros/_livro.html.erb (Duration: 0.2ms | GC: 0.0ms)
  Rendered livros/_livro.html.erb (Duration: 0.3ms | GC: 0.0ms)
  Rendered livros/_livro.html.erb (Duration: 0.3ms | GC: 0.0ms)
  Rendered livros/_livro.html.erb (Duration: 0.2ms | GC: 0.0ms)
  Rendered livros/_livro.html.erb (Duration: 0.3ms | GC: 0.0ms)
  Rendered livros/_livro.html.erb (Duration: 0.4ms | GC: 0.0ms)
  Rendered livros/_livro.html.erb (Duration: 0.6ms | GC: 0.0ms)
  Rendered livros/_livro.html.erb (Duration: 0.3ms | GC: 0.0ms)
  Rendered livros/_livro.html.erb (Duration: 0.3ms | GC: 0.0ms)
  Rendered livros/index.html.erb within layouts/application (Duration: 22.6ms | GC: 0.0ms)
  Rendered layout layouts/application.html.erb (Duration: 65.5ms | GC: 11.1ms)
Completed 200 OK in 71ms (Views: 65.8ms | ActiveRecord: 1.7ms (1 query, 0 cached) | GC: 11.1ms)


Started GET "/manifest.json" for 127.0.0.1 at 2025-09-09 01:54:58 -0300
Processing by Rails::PwaController#manifest as JSON
  Rendering pwa/manifest.json.erb
  Rendered pwa/manifest.json.erb (Duration: 0.6ms | GC: 0.0ms)
Completed 200 OK in 5ms (Views: 2.9ms | ActiveRecord: 0.0ms (0 queries, 0 cached) | GC: 0.0ms)


Started GET "/livros/2" for 127.0.0.1 at 2025-09-09 01:55:06 -0300
Processing by LivrosController#show as HTML
  Parameters: {"id"=>"2"}
  [1m[36mLivro Load (0.7ms)[0m  [1m[34mSELECT "livros".* FROM "livros" WHERE "livros"."id" = ? LIMIT ?[0m  [["id", 2], ["LIMIT", 1]]
  ↳ app/controllers/livros_controller.rb:51:in `set_livro'
  Rendering layout layouts/application.html.erb
  Rendering livros/show.html.erb within layouts/application
  Rendered livros/_livro.html.erb (Duration: 1.4ms | GC: 0.0ms)
  Rendered livros/show.html.erb within layouts/application (Duration: 8.9ms | GC: 0.0ms)
  Rendered layout layouts/application.html.erb (Duration: 17.6ms | GC: 0.0ms)
Completed 200 OK in 32ms (Views: 20.6ms | ActiveRecord: 0.7ms (1 query, 0 cached) | GC: 0.8ms)


Started GET "/livros/2" for 127.0.0.1 at 2025-09-09 01:55:18 -0300
Processing by LivrosController#show as HTML
  Parameters: {"id"=>"2"}
  [1m[36mLivro Load (0.4ms)[0m  [1m[34mSELECT "livros".* FROM "livros" WHERE "livros"."id" = ? LIMIT ?[0m  [["id", 2], ["LIMIT", 1]]
  ↳ app/controllers/livros_controller.rb:51:in `set_livro'
  Rendering layout layouts/application.html.erb
  Rendering livros/show.html.erb within layouts/application
  Rendered livros/_livro.html.erb (Duration: 1.1ms | GC: 0.0ms)
  Rendered livros/show.html.erb within layouts/application (Duration: 5.2ms | GC: 0.0ms)
  Rendered layout layouts/application.html.erb (Duration: 18.9ms | GC: 0.0ms)
Completed 200 OK in 28ms (Views: 20.7ms | ActiveRecord: 0.3ms (1 query, 0 cached) | GC: 0.0ms)


Started GET "/livros/6" for 127.0.0.1 at 2025-09-09 01:55:37 -0300
Processing by LivrosController#show as HTML
  Parameters: {"id"=>"6"}
  [1m[36mLivro Load (0.5ms)[0m  [1m[34mSELECT "livros".* FROM "livros" WHERE "livros"."id" = ? LIMIT ?[0m  [["id", 6], ["LIMIT", 1]]
  ↳ app/controllers/livros_controller.rb:51:in `set_livro'
  Rendering layout layouts/application.html.erb
  Rendering livros/show.html.erb within layouts/application
  Rendered livros/_livro.html.erb (Duration: 0.6ms | GC: 0.0ms)
  Rendered livros/show.html.erb within layouts/application (Duration: 3.4ms | GC: 0.0ms)
  Rendered layout layouts/application.html.erb (Duration: 8.9ms | GC: 0.5ms)
Completed 200 OK in 18ms (Views: 9.7ms | ActiveRecord: 0.4ms (1 query, 0 cached) | GC: 0.5ms)


Started GET "/livros/6" for 127.0.0.1 at 2025-09-09 01:55:37 -0300
Processing by LivrosController#show as HTML
  Parameters: {"id"=>"6"}
  [1m[36mLivro Load (0.3ms)[0m  [1m[34mSELECT "livros".* FROM "livros" WHERE "livros"."id" = ? LIMIT ?[0m  [["id", 6], ["LIMIT", 1]]
  ↳ app/controllers/livros_controller.rb:51:in `set_livro'
  Rendering layout layouts/application.html.erb
  Rendering livros/show.html.erb within layouts/application
  Rendered livros/_livro.html.erb (Duration: 0.6ms | GC: 0.0ms)
  Rendered livros/show.html.erb within layouts/application (Duration: 4.4ms | GC: 0.7ms)
  Rendered layout layouts/application.html.erb (Duration: 11.6ms | GC: 0.7ms)
Completed 200 OK in 18ms (Views: 12.8ms | ActiveRecord: 0.3ms (1 query, 0 cached) | GC: 0.7ms)


Started GET "/livros" for 127.0.0.1 at 2025-09-09 11:56:54 -0300
  [1m[36mActiveRecord::SchemaMigration Load (0.2ms)[0m  [1m[34mSELECT "schema_migrations"."version" FROM "schema_migrations" ORDER BY "schema_migrations"."version" ASC[0m
Processing by LivrosController#index as HTML
  Rendering layout layouts/application.html.erb
  Rendering livros/index.html.erb within layouts/application
  [1m[36mLivro Load (4.0ms)[0m  [1m[34mSELECT "livros".* FROM "livros"[0m
  ↳ app/views/livros/index.html.erb:4
  Rendered livros/_livro.html.erb (Duration: 2.1ms | GC: 0.5ms)
  Rendered livros/_livro.html.erb (Duration: 0.3ms | GC: 0.0ms)
  Rendered livros/_livro.html.erb (Duration: 0.4ms | GC: 0.0ms)
  Rendered livros/_livro.html.erb (Duration: 0.3ms | GC: 0.0ms)
  Rendered livros/_livro.html.erb (Duration: 0.2ms | GC: 0.0ms)
  Rendered livros/_livro.html.erb (Duration: 0.2ms | GC: 0.0ms)
  Rendered livros/_livro.html.erb (Duration: 0.2ms | GC: 0.0ms)
  Rendered livros/_livro.html.erb (Duration: 0.7ms | GC: 0.0ms)
  Rendered livros/_livro.html.erb (Duration: 0.3ms | GC: 0.0ms)
  Rendered livros/_livro.html.erb (Duration: 0.4ms | GC: 0.0ms)
  Rendered livros/_livro.html.erb (Duration: 0.4ms | GC: 0.0ms)
  Rendered livros/_livro.html.erb (Duration: 0.3ms | GC: 0.0ms)
  Rendered livros/_livro.html.erb (Duration: 0.4ms | GC: 0.0ms)
  Rendered livros/_livro.html.erb (Duration: 0.3ms | GC: 0.0ms)
  Rendered livros/_livro.html.erb (Duration: 0.6ms | GC: 0.0ms)
  Rendered livros/_livro.html.erb (Duration: 0.2ms | GC: 0.0ms)
  Rendered livros/_livro.html.erb (Duration: 0.1ms | GC: 0.0ms)
  Rendered livros/_livro.html.erb (Duration: 0.1ms | GC: 0.0ms)
  Rendered livros/index.html.erb within layouts/application (Duration: 70.9ms | GC: 2.8ms)
  Rendered layout layouts/application.html.erb (Duration: 358.8ms | GC: 76.4ms)
Completed 500 Internal Server Error in 438ms (ActiveRecord: 7.7ms (1 query, 0 cached) | GC: 78.2ms)


  
ActionView::Template::Error (undefined local variable or method `root_path' for #<ActionView::Base:0x0000000000b428>):

Causes:
NameError (undefined local variable or method `root_path' for #<ActionView::Base:0x0000000000b428>)
    19: 
    20:   <body>
    21:     <header class="header">
    22:       <h1 class="header-title"><%= link_to "Blog de Livros", root_path %></h1>
    23:     </header>
    24:     <main class="main-content">
    25:       <%= yield %>
  
app/views/layouts/application.html.erb:22
Started GET "/favicon.ico" for 127.0.0.1 at 2025-09-09 11:56:56 -0300
  
ActionController::RoutingError (No route matches [GET] "/favicon.ico"):
  
Started GET "/livros" for 127.0.0.1 at 2025-09-09 11:59:40 -0300
  [1m[36mActiveRecord::SchemaMigration Load (0.2ms)[0m  [1m[34mSELECT "schema_migrations"."version" FROM "schema_migrations" ORDER BY "schema_migrations"."version" ASC[0m
Processing by LivrosController#index as HTML
  Rendering layout layouts/application.html.erb
  Rendering livros/index.html.erb within layouts/application
  [1m[36mLivro Load (1.0ms)[0m  [1m[34mSELECT "livros".* FROM "livros"[0m
  ↳ app/views/livros/index.html.erb:4
  Rendered livros/_livro.html.erb (Duration: 1.6ms | GC: 0.0ms)
  Rendered livros/_livro.html.erb (Duration: 0.4ms | GC: 0.0ms)
  Rendered livros/_livro.html.erb (Duration: 0.3ms | GC: 0.0ms)
  Rendered livros/_livro.html.erb (Duration: 0.6ms | GC: 0.0ms)
  Rendered livros/_livro.html.erb (Duration: 0.2ms | GC: 0.0ms)
  Rendered livros/_livro.html.erb (Duration: 0.2ms | GC: 0.0ms)
  Rendered livros/_livro.html.erb (Duration: 0.2ms | GC: 0.0ms)
  Rendered livros/_livro.html.erb (Duration: 0.2ms | GC: 0.0ms)
  Rendered livros/_livro.html.erb (Duration: 0.2ms | GC: 0.0ms)
  Rendered livros/_livro.html.erb (Duration: 0.2ms | GC: 0.0ms)
  Rendered livros/_livro.html.erb (Duration: 0.2ms | GC: 0.0ms)
  Rendered livros/_livro.html.erb (Duration: 0.2ms | GC: 0.0ms)
  Rendered livros/_livro.html.erb (Duration: 0.4ms | GC: 0.0ms)
  Rendered livros/_livro.html.erb (Duration: 0.2ms | GC: 0.0ms)
  Rendered livros/_livro.html.erb (Duration: 0.2ms | GC: 0.0ms)
  Rendered livros/_livro.html.erb (Duration: 0.2ms | GC: 0.0ms)
  Rendered livros/_livro.html.erb (Duration: 0.2ms | GC: 0.0ms)
  Rendered livros/_livro.html.erb (Duration: 0.2ms | GC: 0.0ms)
  Rendered livros/index.html.erb within layouts/application (Duration: 30.3ms | GC: 2.5ms)
  Rendered layout layouts/application.html.erb (Duration: 201.8ms | GC: 64.8ms)
Completed 200 OK in 234ms (Views: 203.5ms | ActiveRecord: 2.1ms (1 query, 0 cached) | GC: 65.7ms)


Started GET "/manifest.json" for 127.0.0.1 at 2025-09-09 11:59:43 -0300
Processing by Rails::PwaController#manifest as JSON
  Rendering pwa/manifest.json.erb
  Rendered pwa/manifest.json.erb (Duration: 0.8ms | GC: 0.0ms)
Completed 200 OK in 4ms (Views: 3.5ms | ActiveRecord: 0.0ms (0 queries, 0 cached) | GC: 0.0ms)


  [1m[36mActiveRecord::SchemaMigration Load (0.2ms)[0m  [1m[34mSELECT "schema_migrations"."version" FROM "schema_migrations" ORDER BY "schema_migrations"."version" ASC[0m
  [1m[36mLivro Load (0.2ms)[0m  [1m[34mSELECT "livros".* FROM "livros" WHERE "livros"."titulo" = ? LIMIT ?[0m  [["titulo", "Naruto"], ["LIMIT", 1]]
  [1m[36mLivro Load (0.1ms)[0m  [1m[34mSELECT "livros".* FROM "livros" WHERE "livros"."titulo" = ? LIMIT ?[0m  [["titulo", "Solo Leveling"], ["LIMIT", 1]]
  [1m[36mLivro Load (0.1ms)[0m  [1m[34mSELECT "livros".* FROM "livros" WHERE "livros"."titulo" = ? LIMIT ?[0m  [["titulo", "Tales of Demons and Gods"], ["LIMIT", 1]]
  [1m[36mLivro Load (0.1ms)[0m  [1m[34mSELECT "livros".* FROM "livros" WHERE "livros"."titulo" = ? LIMIT ?[0m  [["titulo", "One Piece"], ["LIMIT", 1]]
  [1m[36mLivro Load (0.1ms)[0m  [1m[34mSELECT "livros".* FROM "livros" WHERE "livros"."titulo" = ? LIMIT ?[0m  [["titulo", "Attack on Titan"], ["LIMIT", 1]]
  [1m[36mLivro Load (0.1ms)[0m  [1m[34mSELECT "livros".* FROM "livros" WHERE "livros"."titulo" = ? LIMIT ?[0m  [["titulo", "My Hero Academia"], ["LIMIT", 1]]
  [1m[36mLivro Load (0.1ms)[0m  [1m[34mSELECT "livros".* FROM "livros" WHERE "livros"."titulo" = ? LIMIT ?[0m  [["titulo", "Demon Slayer"], ["LIMIT", 1]]
  [1m[36mLivro Load (0.1ms)[0m  [1m[34mSELECT "livros".* FROM "livros" WHERE "livros"."titulo" = ? LIMIT ?[0m  [["titulo", "Jujutsu Kaisen"], ["LIMIT", 1]]
  [1m[36mLivro Load (0.1ms)[0m  [1m[34mSELECT "livros".* FROM "livros" WHERE "livros"."titulo" = ? LIMIT ?[0m  [["titulo", "Tower of God"], ["LIMIT", 1]]
  [1m[36mLivro Load (0.1ms)[0m  [1m[34mSELECT "livros".* FROM "livros" WHERE "livros"."titulo" = ? LIMIT ?[0m  [["titulo", "God of High School"], ["LIMIT", 1]]
  [1m[36mLivro Load (0.2ms)[0m  [1m[34mSELECT "livros".* FROM "livros" WHERE "livros"."titulo" = ? LIMIT ?[0m  [["titulo", "Lookism"], ["LIMIT", 1]]
  [1m[36mLivro Load (0.1ms)[0m  [1m[34mSELECT "livros".* FROM "livros" WHERE "livros"."titulo" = ? LIMIT ?[0m  [["titulo", "The Beginning After The End"], ["LIMIT", 1]]
  [1m[36mLivro Load (0.1ms)[0m  [1m[34mSELECT "livros".* FROM "livros" WHERE "livros"."titulo" = ? LIMIT ?[0m  [["titulo", "Omniscient Reader's Viewpoint"], ["LIMIT", 1]]
  [1m[36mLivro Load (0.1ms)[0m  [1m[34mSELECT "livros".* FROM "livros" WHERE "livros"."titulo" = ? LIMIT ?[0m  [["titulo", "Martial Peak"], ["LIMIT", 1]]
  [1m[36mLivro Load (0.1ms)[0m  [1m[34mSELECT "livros".* FROM "livros" WHERE "livros"."titulo" = ? LIMIT ?[0m  [["titulo", "Apotheosis"], ["LIMIT", 1]]
  [1m[36mLivro Load (0.2ms)[0m  [1m[34mSELECT "livros".* FROM "livros" WHERE "livros"."titulo" = ? LIMIT ?[0m  [["titulo", "Soul Land"], ["LIMIT", 1]]
  [1m[36mLivro Load (0.1ms)[0m  [1m[34mSELECT "livros".* FROM "livros" WHERE "livros"."titulo" = ? LIMIT ?[0m  [["titulo", "The Great Ruler"], ["LIMIT", 1]]
  [1m[36mLivro Load (0.1ms)[0m  [1m[34mSELECT "livros".* FROM "livros" WHERE "livros"."titulo" = ? LIMIT ?[0m  [["titulo", "Battle Through the Heavens"], ["LIMIT", 1]]
Started GET "/livros" for 127.0.0.1 at 2025-09-09 12:11:13 -0300
  [1m[36mActiveRecord::SchemaMigration Load (0.2ms)[0m  [1m[34mSELECT "schema_migrations"."version" FROM "schema_migrations" ORDER BY "schema_migrations"."version" ASC[0m
Processing by LivrosController#index as HTML
  Rendering layout layouts/application.html.erb
  Rendering livros/index.html.erb within layouts/application
  [1m[36mLivro Load (1.0ms)[0m  [1m[34mSELECT "livros".* FROM "livros"[0m
  ↳ app/views/livros/index.html.erb:4
  Rendered livros/_livro.html.erb (Duration: 2.2ms | GC: 0.4ms)
  Rendered livros/_livro.html.erb (Duration: 0.3ms | GC: 0.0ms)
  Rendered livros/_livro.html.erb (Duration: 0.4ms | GC: 0.0ms)
  Rendered livros/_livro.html.erb (Duration: 0.4ms | GC: 0.0ms)
  Rendered livros/_livro.html.erb (Duration: 0.2ms | GC: 0.0ms)
  Rendered livros/_livro.html.erb (Duration: 0.2ms | GC: 0.0ms)
  Rendered livros/_livro.html.erb (Duration: 0.1ms | GC: 0.0ms)
  Rendered livros/_livro.html.erb (Duration: 0.2ms | GC: 0.0ms)
  Rendered livros/_livro.html.erb (Duration: 0.2ms | GC: 0.0ms)
  Rendered livros/_livro.html.erb (Duration: 0.2ms | GC: 0.0ms)
  Rendered livros/_livro.html.erb (Duration: 0.2ms | GC: 0.0ms)
  Rendered livros/_livro.html.erb (Duration: 0.2ms | GC: 0.0ms)
  Rendered livros/_livro.html.erb (Duration: 0.2ms | GC: 0.0ms)
  Rendered livros/_livro.html.erb (Duration: 0.4ms | GC: 0.0ms)
  Rendered livros/_livro.html.erb (Duration: 0.6ms | GC: 0.0ms)
  Rendered livros/_livro.html.erb (Duration: 0.3ms | GC: 0.0ms)
  Rendered livros/_livro.html.erb (Duration: 1.1ms | GC: 0.6ms)
  Rendered livros/_livro.html.erb (Duration: 0.2ms | GC: 0.0ms)
  Rendered livros/index.html.erb within layouts/application (Duration: 30.4ms | GC: 1.9ms)
  Rendered layout layouts/application.html.erb (Duration: 215.5ms | GC: 72.7ms)
Completed 200 OK in 270ms (Views: 218.0ms | ActiveRecord: 2.2ms (1 query, 0 cached) | GC: 74.5ms)


Started GET "/manifest.json" for 127.0.0.1 at 2025-09-09 12:11:14 -0300
Processing by Rails::PwaController#manifest as JSON
  Rendering pwa/manifest.json.erb
  Rendered pwa/manifest.json.erb (Duration: 0.5ms | GC: 0.0ms)
Completed 200 OK in 4ms (Views: 3.1ms | ActiveRecord: 0.0ms (0 queries, 0 cached) | GC: 0.0ms)


Started GET "/livros/6" for 127.0.0.1 at 2025-09-09 12:11:18 -0300
Processing by LivrosController#show as HTML
  Parameters: {"id"=>"6"}
  [1m[36mLivro Load (1.0ms)[0m  [1m[34mSELECT "livros".* FROM "livros" WHERE "livros"."id" = ? LIMIT ?[0m  [["id", 6], ["LIMIT", 1]]
  ↳ app/controllers/livros_controller.rb:51:in `set_livro'
  Rendering layout layouts/application.html.erb
  Rendering livros/show.html.erb within layouts/application
  Rendered livros/_livro.html.erb (Duration: 1.0ms | GC: 0.0ms)
  Rendered livros/show.html.erb within layouts/application (Duration: 8.5ms | GC: 0.0ms)
  Rendered layout layouts/application.html.erb (Duration: 21.9ms | GC: 0.0ms)
Completed 200 OK in 45ms (Views: 23.9ms | ActiveRecord: 0.9ms (1 query, 0 cached) | GC: 0.0ms)


Started GET "/livros/14" for 127.0.0.1 at 2025-09-09 12:11:26 -0300
Processing by LivrosController#show as HTML
  Parameters: {"id"=>"14"}
  [1m[36mLivro Load (0.3ms)[0m  [1m[34mSELECT "livros".* FROM "livros" WHERE "livros"."id" = ? LIMIT ?[0m  [["id", 14], ["LIMIT", 1]]
  ↳ app/controllers/livros_controller.rb:51:in `set_livro'
  Rendering layout layouts/application.html.erb
  Rendering livros/show.html.erb within layouts/application
  Rendered livros/_livro.html.erb (Duration: 0.7ms | GC: 0.0ms)
  Rendered livros/show.html.erb within layouts/application (Duration: 3.7ms | GC: 0.0ms)
  Rendered layout layouts/application.html.erb (Duration: 11.5ms | GC: 0.0ms)
Completed 200 OK in 21ms (Views: 12.6ms | ActiveRecord: 0.3ms (1 query, 0 cached) | GC: 0.0ms)


  [1m[36mActiveRecord::SchemaMigration Load (0.2ms)[0m  [1m[34mSELECT "schema_migrations"."version" FROM "schema_migrations" ORDER BY "schema_migrations"."version" ASC[0m
  [1m[36mLivro Load (0.2ms)[0m  [1m[34mSELECT "livros".* FROM "livros" WHERE "livros"."titulo" = ? LIMIT ?[0m  [["titulo", "Naruto"], ["LIMIT", 1]]
  [1m[36mLivro Load (0.1ms)[0m  [1m[34mSELECT "livros".* FROM "livros" WHERE "livros"."titulo" = ? LIMIT ?[0m  [["titulo", "Solo Leveling"], ["LIMIT", 1]]
  [1m[36mLivro Load (0.1ms)[0m  [1m[34mSELECT "livros".* FROM "livros" WHERE "livros"."titulo" = ? LIMIT ?[0m  [["titulo", "Tales of Demons and Gods"], ["LIMIT", 1]]
  [1m[36mLivro Load (0.1ms)[0m  [1m[34mSELECT "livros".* FROM "livros" WHERE "livros"."titulo" = ? LIMIT ?[0m  [["titulo", "One Piece"], ["LIMIT", 1]]
  [1m[36mLivro Load (0.1ms)[0m  [1m[34mSELECT "livros".* FROM "livros" WHERE "livros"."titulo" = ? LIMIT ?[0m  [["titulo", "Attack on Titan"], ["LIMIT", 1]]
  [1m[36mLivro Load (0.1ms)[0m  [1m[34mSELECT "livros".* FROM "livros" WHERE "livros"."titulo" = ? LIMIT ?[0m  [["titulo", "My Hero Academia"], ["LIMIT", 1]]
  [1m[36mLivro Load (0.1ms)[0m  [1m[34mSELECT "livros".* FROM "livros" WHERE "livros"."titulo" = ? LIMIT ?[0m  [["titulo", "Demon Slayer"], ["LIMIT", 1]]
  [1m[36mLivro Load (0.1ms)[0m  [1m[34mSELECT "livros".* FROM "livros" WHERE "livros"."titulo" = ? LIMIT ?[0m  [["titulo", "Jujutsu Kaisen"], ["LIMIT", 1]]
  [1m[36mLivro Load (0.1ms)[0m  [1m[34mSELECT "livros".* FROM "livros" WHERE "livros"."titulo" = ? LIMIT ?[0m  [["titulo", "Tower of God"], ["LIMIT", 1]]
  [1m[36mLivro Load (0.1ms)[0m  [1m[34mSELECT "livros".* FROM "livros" WHERE "livros"."titulo" = ? LIMIT ?[0m  [["titulo", "God of High School"], ["LIMIT", 1]]
  [1m[36mLivro Load (0.1ms)[0m  [1m[34mSELECT "livros".* FROM "livros" WHERE "livros"."titulo" = ? LIMIT ?[0m  [["titulo", "Lookism"], ["LIMIT", 1]]
  [1m[36mLivro Load (0.2ms)[0m  [1m[34mSELECT "livros".* FROM "livros" WHERE "livros"."titulo" = ? LIMIT ?[0m  [["titulo", "The Beginning After The End"], ["LIMIT", 1]]
  [1m[36mLivro Load (0.1ms)[0m  [1m[34mSELECT "livros".* FROM "livros" WHERE "livros"."titulo" = ? LIMIT ?[0m  [["titulo", "Omniscient Reader's Viewpoint"], ["LIMIT", 1]]
  [1m[36mLivro Load (0.1ms)[0m  [1m[34mSELECT "livros".* FROM "livros" WHERE "livros"."titulo" = ? LIMIT ?[0m  [["titulo", "Martial Peak"], ["LIMIT", 1]]
  [1m[36mLivro Load (0.1ms)[0m  [1m[34mSELECT "livros".* FROM "livros" WHERE "livros"."titulo" = ? LIMIT ?[0m  [["titulo", "Apotheosis"], ["LIMIT", 1]]
  [1m[36mLivro Load (0.1ms)[0m  [1m[34mSELECT "livros".* FROM "livros" WHERE "livros"."titulo" = ? LIMIT ?[0m  [["titulo", "Soul Land"], ["LIMIT", 1]]
  [1m[36mLivro Load (0.1ms)[0m  [1m[34mSELECT "livros".* FROM "livros" WHERE "livros"."titulo" = ? LIMIT ?[0m  [["titulo", "The Great Ruler"], ["LIMIT", 1]]
  [1m[36mLivro Load (0.1ms)[0m  [1m[34mSELECT "livros".* FROM "livros" WHERE "livros"."titulo" = ? LIMIT ?[0m  [["titulo", "Battle Through the Heavens"], ["LIMIT", 1]]
Started GET "/livros" for 127.0.0.1 at 2025-09-09 12:23:34 -0300
  [1m[36mActiveRecord::SchemaMigration Load (0.9ms)[0m  [1m[34mSELECT "schema_migrations"."version" FROM "schema_migrations" ORDER BY "schema_migrations"."version" ASC[0m
Processing by LivrosController#index as HTML
  Rendering layout layouts/application.html.erb
  Rendering livros/index.html.erb within layouts/application
  [1m[36mLivro Load (4.0ms)[0m  [1m[34mSELECT "livros".* FROM "livros"[0m
  ↳ app/views/livros/index.html.erb:4
  Rendered livros/_livro.html.erb (Duration: 1.6ms | GC: 0.0ms)
  Rendered livros/_livro.html.erb (Duration: 0.3ms | GC: 0.0ms)
  Rendered livros/_livro.html.erb (Duration: 0.2ms | GC: 0.0ms)
  Rendered livros/_livro.html.erb (Duration: 0.3ms | GC: 0.0ms)
  Rendered livros/_livro.html.erb (Duration: 0.2ms | GC: 0.0ms)
  Rendered livros/_livro.html.erb (Duration: 0.2ms | GC: 0.0ms)
  Rendered livros/_livro.html.erb (Duration: 1.2ms | GC: 0.8ms)
  Rendered livros/_livro.html.erb (Duration: 0.3ms | GC: 0.0ms)
  Rendered livros/_livro.html.erb (Duration: 0.4ms | GC: 0.0ms)
  Rendered livros/_livro.html.erb (Duration: 0.9ms | GC: 0.0ms)
  Rendered livros/_livro.html.erb (Duration: 0.2ms | GC: 0.0ms)
  Rendered livros/_livro.html.erb (Duration: 0.2ms | GC: 0.0ms)
  Rendered livros/_livro.html.erb (Duration: 0.1ms | GC: 0.0ms)
  Rendered livros/_livro.html.erb (Duration: 0.1ms | GC: 0.0ms)
  Rendered livros/_livro.html.erb (Duration: 0.2ms | GC: 0.0ms)
  Rendered livros/_livro.html.erb (Duration: 0.4ms | GC: 0.0ms)
  Rendered livros/_livro.html.erb (Duration: 0.3ms | GC: 0.0ms)
  Rendered livros/_livro.html.erb (Duration: 0.8ms | GC: 0.0ms)
  Rendered livros/index.html.erb within layouts/application (Duration: 75.8ms | GC: 40.8ms)
  Rendered layout layouts/application.html.erb (Duration: 241.0ms | GC: 45.7ms)
Completed 200 OK in 309ms (Views: 248.5ms | ActiveRecord: 5.1ms (1 query, 0 cached) | GC: 61.8ms)


Started GET "/manifest.json" for 127.0.0.1 at 2025-09-09 12:23:35 -0300
Processing by Rails::PwaController#manifest as JSON
  Rendering pwa/manifest.json.erb
  Rendered pwa/manifest.json.erb (Duration: 0.6ms | GC: 0.0ms)
Completed 200 OK in 5ms (Views: 3.7ms | ActiveRecord: 0.0ms (0 queries, 0 cached) | GC: 0.0ms)


Started GET "/" for 127.0.0.1 at 2025-09-09 12:23:37 -0300
Processing by LivrosController#index as HTML
  Rendering layout layouts/application.html.erb
  Rendering livros/index.html.erb within layouts/application
  [1m[36mLivro Load (0.3ms)[0m  [1m[34mSELECT "livros".* FROM "livros"[0m
  ↳ app/views/livros/index.html.erb:4
  Rendered livros/_livro.html.erb (Duration: 0.5ms | GC: 0.0ms)
  Rendered livros/_livro.html.erb (Duration: 0.3ms | GC: 0.0ms)
  Rendered livros/_livro.html.erb (Duration: 0.2ms | GC: 0.0ms)
  Rendered livros/_livro.html.erb (Duration: 0.2ms | GC: 0.0ms)
  Rendered livros/_livro.html.erb (Duration: 0.2ms | GC: 0.0ms)
  Rendered livros/_livro.html.erb (Duration: 0.2ms | GC: 0.0ms)
  Rendered livros/_livro.html.erb (Duration: 0.2ms | GC: 0.0ms)
  Rendered livros/_livro.html.erb (Duration: 0.3ms | GC: 0.0ms)
  Rendered livros/_livro.html.erb (Duration: 0.3ms | GC: 0.0ms)
  Rendered livros/_livro.html.erb (Duration: 0.3ms | GC: 0.0ms)
  Rendered livros/_livro.html.erb (Duration: 0.2ms | GC: 0.0ms)
  Rendered livros/_livro.html.erb (Duration: 0.2ms | GC: 0.0ms)
  Rendered livros/_livro.html.erb (Duration: 0.2ms | GC: 0.0ms)
  Rendered livros/_livro.html.erb (Duration: 0.3ms | GC: 0.0ms)
  Rendered livros/_livro.html.erb (Duration: 0.3ms | GC: 0.0ms)
  Rendered livros/_livro.html.erb (Duration: 0.2ms | GC: 0.0ms)
  Rendered livros/_livro.html.erb (Duration: 0.4ms | GC: 0.0ms)
  Rendered livros/_livro.html.erb (Duration: 0.3ms | GC: 0.0ms)
  Rendered livros/index.html.erb within layouts/application (Duration: 14.2ms | GC: 0.0ms)
  Rendered layout layouts/application.html.erb (Duration: 17.8ms | GC: 0.0ms)
Completed 200 OK in 19ms (Views: 18.1ms | ActiveRecord: 0.3ms (1 query, 0 cached) | GC: 0.0ms)


Started GET "/livros" for 127.0.0.1 at 2025-09-09 12:23:42 -0300
Processing by LivrosController#index as HTML
  Rendering layout layouts/application.html.erb
  Rendering livros/index.html.erb within layouts/application
  [1m[36mLivro Load (0.4ms)[0m  [1m[34mSELECT "livros".* FROM "livros"[0m
  ↳ app/views/livros/index.html.erb:4
  Rendered livros/_livro.html.erb (Duration: 0.7ms | GC: 0.0ms)
  Rendered livros/_livro.html.erb (Duration: 0.6ms | GC: 0.0ms)
  Rendered livros/_livro.html.erb (Duration: 0.4ms | GC: 0.0ms)
  Rendered livros/_livro.html.erb (Duration: 0.4ms | GC: 0.0ms)
  Rendered livros/_livro.html.erb (Duration: 0.4ms | GC: 0.0ms)
  Rendered livros/_livro.html.erb (Duration: 0.4ms | GC: 0.0ms)
  Rendered livros/_livro.html.erb (Duration: 0.4ms | GC: 0.0ms)
  Rendered livros/_livro.html.erb (Duration: 0.5ms | GC: 0.0ms)
  Rendered livros/_livro.html.erb (Duration: 0.3ms | GC: 0.0ms)
  Rendered livros/_livro.html.erb (Duration: 0.3ms | GC: 0.0ms)
  Rendered livros/_livro.html.erb (Duration: 0.2ms | GC: 0.0ms)
  Rendered livros/_livro.html.erb (Duration: 0.2ms | GC: 0.0ms)
  Rendered livros/_livro.html.erb (Duration: 0.2ms | GC: 0.0ms)
  Rendered livros/_livro.html.erb (Duration: 0.2ms | GC: 0.0ms)
  Rendered livros/_livro.html.erb (Duration: 0.2ms | GC: 0.0ms)
  Rendered livros/_livro.html.erb (Duration: 0.2ms | GC: 0.0ms)
  Rendered livros/_livro.html.erb (Duration: 0.2ms | GC: 0.0ms)
  Rendered livros/_livro.html.erb (Duration: 0.2ms | GC: 0.0ms)
  Rendered livros/index.html.erb within layouts/application (Duration: 20.8ms | GC: 0.0ms)
  Rendered layout layouts/application.html.erb (Duration: 26.1ms | GC: 0.0ms)
Completed 200 OK in 33ms (Views: 27.2ms | ActiveRecord: 0.3ms (1 query, 0 cached) | GC: 0.0ms)


Started GET "/manifest.json" for 127.0.0.1 at 2025-09-09 12:23:43 -0300
Processing by Rails::PwaController#manifest as JSON
  Rendering pwa/manifest.json.erb
  Rendered pwa/manifest.json.erb (Duration: 0.4ms | GC: 0.0ms)
Completed 200 OK in 2ms (Views: 1.1ms | ActiveRecord: 0.0ms (0 queries, 0 cached) | GC: 0.0ms)


