251019 07:13:30 mysqld_safe Fatal error Can't create database directory ''
251019 07:14:34 mysqld_safe Starting mariadbd daemon with databases from /home/henrique/Documentos/DIO/Bootcamps/Klabin - Excel e Power BI Dashboards/Construindo-seu-Primeiro-Projeto-Logico-de-Banco-de-Dados/.mariadb_data
2025-10-19  7:14:34 0 [Note] Starting MariaDB 10.11.11-MariaDB source revision e69f8cae1a15e15b9e4f5e0f8497e1f17bdc81a4 server_uid lNROG4Sv940auj8yq1BYULTkDSs= as process 4724
2025-10-19  7:14:34 0 [Note] InnoDB: Compressed tables use zlib 1.3.1
2025-10-19  7:14:34 0 [Note] InnoDB: Number of transaction pools: 1
2025-10-19  7:14:34 0 [Note] InnoDB: Using crc32 + pclmulqdq instructions
2025-10-19  7:14:34 0 [Note] InnoDB: Using liburing
2025-10-19  7:14:34 0 [Note] InnoDB: Initializing buffer pool, total size = 128.000MiB, chunk size = 2.000MiB
2025-10-19  7:14:34 0 [Note] InnoDB: Completed initialization of buffer pool
2025-10-19  7:14:34 0 [Note] InnoDB: File system buffers for log disabled (block size=4096 bytes)
2025-10-19  7:14:35 0 [Note] InnoDB: End of log at LSN=46846
2025-10-19  7:14:35 0 [Note] InnoDB: 128 rollback segments are active.
2025-10-19  7:14:35 0 [Note] InnoDB: Setting file './ibtmp1' size to 12.000MiB. Physically writing the file full; Please wait ...
2025-10-19  7:14:35 0 [Note] InnoDB: File './ibtmp1' size is now 12.000MiB.
2025-10-19  7:14:35 0 [Note] InnoDB: log sequence number 46846; transaction id 14
2025-10-19  7:14:35 0 [Note] InnoDB: Loading buffer pool(s) from /home/henrique/Documentos/DIO/Bootcamps/Klabin - Excel e Power BI Dashboards/Construindo-seu-Primeiro-Projeto-Logico-de-Banco-de-Dados/.mariadb_data/ib_buffer_pool
2025-10-19  7:14:35 0 [Note] Plugin 'FEEDBACK' is disabled.
2025-10-19  7:14:35 0 [Note] Server socket created on IP: '0.0.0.0'.
2025-10-19  7:14:35 0 [Note] Server socket created on IP: '::'.
2025-10-19  7:14:35 0 [ERROR] The socket file path is too long (> 107): /home/henrique/Documentos/DIO/Bootcamps/Klabin - Excel e Power BI Dashboards/Construindo-seu-Primeiro-Projeto-Logico-de-Banco-de-Dados/.mariadb_data/mysql.sock
2025-10-19  7:14:35 0 [ERROR] Aborting
251019 07:14:35 mysqld_safe mysqld from pid file /home/henrique/Documentos/DIO/Bootcamps/Klabin - Excel e Power BI Dashboards/Construindo-seu-Primeiro-Projeto-Logico-de-Banco-de-Dados/.mariadb_data/mysql.pid ended
251019 07:19:20 mysqld_safe Starting mariadbd daemon with databases from /home/henrique/Documentos/DIO/Bootcamps/Klabin - Excel e Power BI Dashboards/Construindo-seu-Primeiro-Projeto-Logico-de-Banco-de-Dados/.mariadb_data
2025-10-19  7:19:20 0 [Note] Starting MariaDB 10.11.11-MariaDB source revision e69f8cae1a15e15b9e4f5e0f8497e1f17bdc81a4 server_uid lNROG4Sv940auj8yq1BYULTkDSs= as process 6030
2025-10-19  7:19:20 0 [Note] InnoDB: Compressed tables use zlib 1.3.1
2025-10-19  7:19:20 0 [Note] InnoDB: Number of transaction pools: 1
2025-10-19  7:19:20 0 [Note] InnoDB: Using crc32 + pclmulqdq instructions
2025-10-19  7:19:20 0 [Note] InnoDB: Using liburing
2025-10-19  7:19:20 0 [Note] InnoDB: Initializing buffer pool, total size = 128.000MiB, chunk size = 2.000MiB
2025-10-19  7:19:20 0 [Note] InnoDB: Completed initialization of buffer pool
2025-10-19  7:19:20 0 [Note] InnoDB: File system buffers for log disabled (block size=4096 bytes)
2025-10-19  7:19:20 0 [Note] InnoDB: End of log at LSN=46846
2025-10-19  7:19:20 0 [Note] InnoDB: 128 rollback segments are active.
2025-10-19  7:19:20 0 [Note] InnoDB: Setting file './ibtmp1' size to 12.000MiB. Physically writing the file full; Please wait ...
2025-10-19  7:19:20 0 [Note] InnoDB: File './ibtmp1' size is now 12.000MiB.
2025-10-19  7:19:20 0 [Note] InnoDB: log sequence number 46846; transaction id 14
2025-10-19  7:19:20 0 [Note] InnoDB: Loading buffer pool(s) from /home/henrique/Documentos/DIO/Bootcamps/Klabin - Excel e Power BI Dashboards/Construindo-seu-Primeiro-Projeto-Logico-de-Banco-de-Dados/.mariadb_data/ib_buffer_pool
2025-10-19  7:19:20 0 [Note] Plugin 'FEEDBACK' is disabled.
2025-10-19  7:19:20 0 [Note] Server socket created on IP: '0.0.0.0'.
2025-10-19  7:19:20 0 [Note] Server socket created on IP: '::'.
2025-10-19  7:19:20 0 [ERROR] The socket file path is too long (> 107): /home/henrique/Documentos/DIO/Bootcamps/Klabin - Excel e Power BI Dashboards/Construindo-seu-Primeiro-Projeto-Logico-de-Banco-de-Dados/.mariadb_data/mysql.sock
2025-10-19  7:19:20 0 [ERROR] Aborting
251019 07:19:21 mysqld_safe mysqld from pid file /home/henrique/Documentos/DIO/Bootcamps/Klabin - Excel e Power BI Dashboards/Construindo-seu-Primeiro-Projeto-Logico-de-Banco-de-Dados/.mariadb_data/mysql.pid ended
251019 07:21:34 mysqld_safe Starting mariadbd daemon with databases from /home/henrique/Documentos/DIO/Bootcamps/Klabin - Excel e Power BI Dashboards/Construindo-seu-Primeiro-Projeto-Logico-de-Banco-de-Dados/.mariadb_data
2025-10-19  7:21:34 0 [Note] Starting MariaDB 10.11.11-MariaDB source revision e69f8cae1a15e15b9e4f5e0f8497e1f17bdc81a4 server_uid lNROG4Sv940auj8yq1BYULTkDSs= as process 6673
2025-10-19  7:21:34 0 [Note] InnoDB: Compressed tables use zlib 1.3.1
2025-10-19  7:21:34 0 [Note] InnoDB: Number of transaction pools: 1
2025-10-19  7:21:34 0 [Note] InnoDB: Using crc32 + pclmulqdq instructions
2025-10-19  7:21:34 0 [Note] InnoDB: Using liburing
2025-10-19  7:21:34 0 [Note] InnoDB: Initializing buffer pool, total size = 128.000MiB, chunk size = 2.000MiB
2025-10-19  7:21:34 0 [Note] InnoDB: Completed initialization of buffer pool
2025-10-19  7:21:34 0 [Note] InnoDB: File system buffers for log disabled (block size=4096 bytes)
2025-10-19  7:21:34 0 [Note] InnoDB: End of log at LSN=46846
2025-10-19  7:21:34 0 [Note] InnoDB: 128 rollback segments are active.
2025-10-19  7:21:34 0 [Note] InnoDB: Setting file './ibtmp1' size to 12.000MiB. Physically writing the file full; Please wait ...
2025-10-19  7:21:34 0 [Note] InnoDB: File './ibtmp1' size is now 12.000MiB.
2025-10-19  7:21:34 0 [Note] InnoDB: log sequence number 46846; transaction id 14
2025-10-19  7:21:34 0 [Note] Plugin 'FEEDBACK' is disabled.
2025-10-19  7:21:34 0 [Note] InnoDB: Loading buffer pool(s) from /home/henrique/Documentos/DIO/Bootcamps/Klabin - Excel e Power BI Dashboards/Construindo-seu-Primeiro-Projeto-Logico-de-Banco-de-Dados/.mariadb_data/ib_buffer_pool
2025-10-19  7:21:34 0 [Note] Server socket created on IP: '0.0.0.0'.
2025-10-19  7:21:34 0 [Note] Server socket created on IP: '::'.
2025-10-19  7:21:34 0 [Note] InnoDB: Buffer pool(s) load completed at 251019  7:21:34
2025-10-19  7:21:34 0 [Note] /nix/store/kj7ys9bv1sxxg9chgn6fgfckllrcybb2-mariadb-server-10.11.11/bin/mariadbd: ready for connections.
Version: '10.11.11-MariaDB'  socket: '/tmp/mysql.sock'  port: 3306  MariaDB Server
2025-10-19  7:39:45 6 [Warning] Access denied for user 'henrique'@'localhost'
2025-10-19  7:42:12 7 [Warning] Access denied for user 'root'@'localhost'
2025-10-19  7:43:11 9 [Warning] Access denied for user 'henrique'@'localhost'
2025-10-19  7:43:22 10 [Warning] Access denied for user 'henrique'@'localhost'
2025-10-19  7:45:15 13 [Warning] Access denied for user 'henrique'@'localhost'
2025-10-19  7:45:56 14 [Warning] Access denied for user 'henrique'@'localhost'
2025-10-19  7:47:25 15 [Warning] Access denied for user 'henrique'@'localhost'
2025-10-19  7:49:35 16 [Warning] Access denied for user 'henrique'@'localhost'
2025-10-19  7:51:17 17 [Warning] Access denied for user 'henrique'@'localhost'
2025-10-19  7:52:29 18 [Warning] Access denied for user 'henrique'@'localhost'
2025-10-19  7:53:18 19 [Warning] Access denied for user 'henrique'@'localhost'
2025-10-19  7:55:25 20 [Warning] Access denied for user 'henrique'@'localhost'
2025-10-19  8:13:59 25 [Warning] Access denied for user 'henrique'@'localhost'
